[0.634s] Invoking command in '/home/kshreyas/Projects/ese6150_f1tenth/lab1_ws/src/pything': PYTHONPATH=/home/kshreyas/Projects/ese6150_f1tenth/lab1_ws/build/pything/prefix_override:/home/kshreyas/Projects/ese6150_f1tenth/lab1_ws/install/pything/lib/python3.8/site-packages:${PYTHONPATH} /usr/bin/python3 -W ignore:setup.py install is deprecated setup.py egg_info --egg-base ../../build/pything build --build-base /home/kshreyas/Projects/ese6150_f1tenth/lab1_ws/build/pything/build install --record /home/kshreyas/Projects/ese6150_f1tenth/lab1_ws/build/pything/install.log --install-scripts $base/lib/pything --single-version-externally-managed install_data
[0.843s] running egg_info
[0.843s] writing ../../build/pything/pything.egg-info/PKG-INFO
[0.844s] writing dependency_links to ../../build/pything/pything.egg-info/dependency_links.txt
[0.844s] writing entry points to ../../build/pything/pything.egg-info/entry_points.txt
[0.844s] writing requirements to ../../build/pything/pything.egg-info/requires.txt
[0.844s] writing top-level names to ../../build/pything/pything.egg-info/top_level.txt
[0.876s] reading manifest file '../../build/pything/pything.egg-info/SOURCES.txt'
[0.878s] writing manifest file '../../build/pything/pything.egg-info/SOURCES.txt'
[0.878s] running build
[0.878s] running build_py
[0.878s] running install
[0.880s] running install_lib
[0.882s] running install_data
[0.882s] running install_egg_info
[0.885s] removing '/home/kshreyas/Projects/ese6150_f1tenth/lab1_ws/install/pything/lib/python3.8/site-packages/pything-0.0.0-py3.8.egg-info' (and everything under it)
[0.885s] Copying ../../build/pything/pything.egg-info to /home/kshreyas/Projects/ese6150_f1tenth/lab1_ws/install/pything/lib/python3.8/site-packages/pything-0.0.0-py3.8.egg-info
[0.886s] running install_scripts
[0.899s] writing list of installed files to '/home/kshreyas/Projects/ese6150_f1tenth/lab1_ws/build/pything/install.log'
[0.923s] Invoked command in '/home/kshreyas/Projects/ese6150_f1tenth/lab1_ws/src/pything' returned '0': PYTHONPATH=/home/kshreyas/Projects/ese6150_f1tenth/lab1_ws/build/pything/prefix_override:/home/kshreyas/Projects/ese6150_f1tenth/lab1_ws/install/pything/lib/python3.8/site-packages:${PYTHONPATH} /usr/bin/python3 -W ignore:setup.py install is deprecated setup.py egg_info --egg-base ../../build/pything build --build-base /home/kshreyas/Projects/ese6150_f1tenth/lab1_ws/build/pything/build install --record /home/kshreyas/Projects/ese6150_f1tenth/lab1_ws/build/pything/install.log --install-scripts $base/lib/pything --single-version-externally-managed install_data
