[0.009s] Invoking command in '/home/kshreyas/Projects/ese6150_f1tenth/lab1_ws/build/lab1_pkg': CMAKE_PREFIX_PATH=/opt/ros/foxy /usr/bin/cmake /home/kshreyas/Projects/ese6150_f1tenth/lab1_ws/src/lab1_pkg -DCMAKE_INSTALL_PREFIX=/home/kshreyas/Projects/ese6150_f1tenth/lab1_ws/install/lab1_pkg
[0.025s] -- Found ament_cmake: 0.9.12 (/opt/ros/foxy/share/ament_cmake/cmake)
[0.046s] -- Using PYTHON_EXECUTABLE: /usr/bin/python3
[0.223s] -- Found rclcpp: 2.4.3 (/opt/ros/foxy/share/rclcpp/cmake)
[0.248s] -- Using all available rosidl_typesupport_c: rosidl_typesupport_fastrtps_c;rosidl_typesupport_introspection_c
[0.251s] -- Found rosidl_adapter: 1.3.1 (/opt/ros/foxy/share/rosidl_adapter/cmake)
[0.331s] -- Using all available rosidl_typesupport_cpp: rosidl_typesupport_fastrtps_cpp;rosidl_typesupport_introspection_cpp
[0.365s] -- Found rmw_implementation_cmake: 1.0.4 (/opt/ros/foxy/share/rmw_implementation_cmake/cmake)
[0.366s] -- Using RMW implementation 'rmw_fastrtps_cpp' as default
[0.470s] -- Found rclpy: 1.0.13 (/opt/ros/foxy/share/rclpy/cmake)
[0.470s] -- Found ackermann_msgs: 2.0.2 (/opt/ros/foxy/share/ackermann_msgs/cmake)
[0.495s] CMake Error at /opt/ros/foxy/share/ament_cmake_python/cmake/ament_python_install_package.cmake:46 (message):
[0.495s]   ament_python_install_package() the Python package folder
[0.495s]   '/home/kshreyas/Projects/ese6150_f1tenth/lab1_ws/src/lab1_pkg/lab1_pkg'
[0.496s]   doesn't contain an '__init__.py' file
[0.496s] Call Stack (most recent call first):
[0.496s]   /opt/ros/foxy/share/ament_cmake_python/cmake/ament_python_install_package.cmake:28 (_ament_cmake_python_install_package)
[0.496s]   CMakeLists.txt:36 (ament_python_install_package)
[0.496s] 
[0.496s] 
[0.496s] -- Configuring incomplete, errors occurred!
[0.496s] See also "/home/kshreyas/Projects/ese6150_f1tenth/lab1_ws/build/lab1_pkg/CMakeFiles/CMakeOutput.log".
[0.496s] See also "/home/kshreyas/Projects/ese6150_f1tenth/lab1_ws/build/lab1_pkg/CMakeFiles/CMakeError.log".
[0.501s] Invoked command in '/home/kshreyas/Projects/ese6150_f1tenth/lab1_ws/build/lab1_pkg' returned '1': CMAKE_PREFIX_PATH=/opt/ros/foxy /usr/bin/cmake /home/kshreyas/Projects/ese6150_f1tenth/lab1_ws/src/lab1_pkg -DCMAKE_INSTALL_PREFIX=/home/kshreyas/Projects/ese6150_f1tenth/lab1_ws/install/lab1_pkg
