-- Found ament_cmake: 0.9.12 (/opt/ros/foxy/share/ament_cmake/cmake)
-- Using PYTHON_EXECUTABLE: /usr/bin/python3
-- Found rclcpp: 2.4.3 (/opt/ros/foxy/share/rclcpp/cmake)
-- Using all available rosidl_typesupport_c: rosidl_typesupport_fastrtps_c;rosidl_typesupport_introspection_c
-- Found rosidl_adapter: 1.3.1 (/opt/ros/foxy/share/rosidl_adapter/cmake)
-- Using all available rosidl_typesupport_cpp: rosidl_typesupport_fastrtps_cpp;rosidl_typesupport_introspection_cpp
-- Found rmw_implementation_cmake: 1.0.4 (/opt/ros/foxy/share/rmw_implementation_cmake/cmake)
-- Using RMW implementation 'rmw_fastrtps_cpp' as default
-- Found rclpy: 1.0.13 (/opt/ros/foxy/share/rclpy/cmake)
-- Found ackermann_msgs: 2.0.2 (/opt/ros/foxy/share/ackermann_msgs/cmake)
-- Found ament_lint_auto: 0.9.8 (/opt/ros/foxy/share/ament_lint_auto/cmake)
-- Added test 'copyright' to check source files copyright and LICENSE
-- Added test 'cppcheck' to perform static code analysis on C / C++ code
-- Configured cppcheck include dirs: 
-- Configured cppcheck exclude dirs and/or files: 
-- Added test 'cpplint' to check C / C++ code against the Google style
-- Configured cpplint exclude dirs and/or files: 
-- Added test 'flake8' to check Python code syntax and style conventions
-- Added test 'lint_cmake' to check CMake code style
-- Added test 'pep257' to check Python code against some of the style conventions in PEP 257
-- Added test 'uncrustify' to check C / C++ code style
-- Configured uncrustify additional arguments: 
-- Added test 'xmllint' to check XML markup files
-- Configuring done
-- Generating done
-- Build files have been written to: /home/kshreyas/Projects/ese6150_f1tenth/lab1_ws/build/lab1_pkg
[35m[1mScanning dependencies of target talker[0m
[35m[1mScanning dependencies of target relay[0m
[ 50%] [32mBuilding CXX object CMakeFiles/relay.dir/src/relay.cpp.o[0m
[ 50%] [32mBuilding CXX object CMakeFiles/talker.dir/src/talker.cpp.o[0m
[ 75%] [32m[1mLinking CXX executable talker[0m
[ 75%] Built target talker
[100%] [32m[1mLinking CXX executable relay[0m
[100%] Built target relay
-- Install configuration: ""
-- Installing: /home/kshreyas/Projects/ese6150_f1tenth/lab1_ws/install/lab1_pkg/lib/lab1_pkg/talker
-- Set runtime path of "/home/kshreyas/Projects/ese6150_f1tenth/lab1_ws/install/lab1_pkg/lib/lab1_pkg/talker" to ""
-- Installing: /home/kshreyas/Projects/ese6150_f1tenth/lab1_ws/install/lab1_pkg/lib/lab1_pkg/relay
-- Set runtime path of "/home/kshreyas/Projects/ese6150_f1tenth/lab1_ws/install/lab1_pkg/lib/lab1_pkg/relay" to ""
-- Installing: /home/kshreyas/Projects/ese6150_f1tenth/lab1_ws/install/lab1_pkg/share/lab1_pkg/environment/pythonpath.sh
-- Installing: /home/kshreyas/Projects/ese6150_f1tenth/lab1_ws/install/lab1_pkg/share/lab1_pkg/environment/pythonpath.dsv
-- Installing: /home/kshreyas/Projects/ese6150_f1tenth/lab1_ws/install/lab1_pkg/lib/python3.8/site-packages/lab1_pkg
-- Installing: /home/kshreyas/Projects/ese6150_f1tenth/lab1_ws/install/lab1_pkg/lib/python3.8/site-packages/lab1_pkg/__init__.py
Listing '/home/kshreyas/Projects/ese6150_f1tenth/lab1_ws/install/lab1_pkg/lib/python3.8/site-packages/lab1_pkg'...
Compiling '/home/kshreyas/Projects/ese6150_f1tenth/lab1_ws/install/lab1_pkg/lib/python3.8/site-packages/lab1_pkg/__init__.py'...
CMake Error at cmake_install.cmake:101 (file):
  file INSTALL cannot find
  "/home/kshreyas/Projects/ese6150_f1tenth/lab1_ws/src/lab1_pkg/scripts/talker.py":
  No such file or directory.


