[0.183s] DEBUG:colcon:Command line arguments: ['/usr/bin/colcon', 'build']
[0.183s] DEBUG:colcon:Parsed command line arguments: Namespace(allow_overriding=[], ament_cmake_args=None, base_paths=['.'], build_base='build', catkin_cmake_args=None, catkin_skip_building_tests=False, cmake_args=None, cmake_clean_cache=False, cmake_clean_first=False, cmake_force_configure=False, cmake_target=None, cmake_target_skip_unavailable=False, continue_on_error=False, event_handlers=None, executor='parallel', ignore_user_meta=False, install_base='install', log_base=None, log_level=None, main=<bound method BuildVerb.main of <colcon_core.verb.build.BuildVerb object at 0x7fa1131a5580>>, merge_install=False, metas=['./colcon.meta'], mixin=None, mixin_files=None, mixin_verb=('build',), packages_above=None, packages_above_and_dependencies=None, packages_above_depth=None, packages_end=None, packages_ignore=None, packages_ignore_regex=None, packages_select=None, packages_select_build_failed=False, packages_select_by_dep=None, packages_select_regex=None, packages_select_test_failures=False, packages_skip=None, packages_skip_build_finished=False, packages_skip_by_dep=None, packages_skip_regex=None, packages_skip_test_passed=False, packages_skip_up_to=None, packages_start=None, packages_up_to=None, packages_up_to_regex=None, parallel_workers=16, paths=None, symlink_install=False, test_result_base=None, verb_extension=<colcon_core.verb.build.BuildVerb object at 0x7fa1131a5580>, verb_name='build', verb_parser=<colcon_mixin.mixin.mixin_argument.MixinArgumentDecorator object at 0x7fa1130faaf0>)
[0.327s] Level 1:colcon.colcon_core.package_discovery:discover_packages(colcon_meta) check parameters
[0.327s] Level 1:colcon.colcon_core.package_discovery:discover_packages(recursive) check parameters
[0.327s] Level 1:colcon.colcon_core.package_discovery:discover_packages(ignore) check parameters
[0.327s] Level 1:colcon.colcon_core.package_discovery:discover_packages(path) check parameters
[0.327s] Level 1:colcon.colcon_core.package_discovery:discover_packages(colcon_meta) discover
[0.327s] Level 1:colcon.colcon_core.package_discovery:discover_packages(recursive) discover
[0.328s] INFO:colcon.colcon_core.package_discovery:Crawling recursively for packages in '/home/kshreyas/Projects/ese6150_f1tenth/lab1_ws'
[0.328s] Level 1:colcon.colcon_core.package_identification:_identify(.) by extensions ['ignore', 'ignore_ament_install']
[0.328s] Level 1:colcon.colcon_core.package_identification:_identify(.) by extension 'ignore'
[0.328s] Level 1:colcon.colcon_core.package_identification:_identify(.) by extension 'ignore_ament_install'
[0.328s] Level 1:colcon.colcon_core.package_identification:_identify(.) by extensions ['colcon_pkg']
[0.328s] Level 1:colcon.colcon_core.package_identification:_identify(.) by extension 'colcon_pkg'
[0.328s] Level 1:colcon.colcon_core.package_identification:_identify(.) by extensions ['colcon_meta']
[0.328s] Level 1:colcon.colcon_core.package_identification:_identify(.) by extension 'colcon_meta'
[0.328s] Level 1:colcon.colcon_core.package_identification:_identify(.) by extensions ['ros']
[0.328s] Level 1:colcon.colcon_core.package_identification:_identify(.) by extension 'ros'
[0.357s] Level 1:colcon.colcon_core.package_identification:_identify(.) by extensions ['cmake', 'python']
[0.357s] Level 1:colcon.colcon_core.package_identification:_identify(.) by extension 'cmake'
[0.357s] Level 1:colcon.colcon_core.package_identification:_identify(.) by extension 'python'
[0.357s] Level 1:colcon.colcon_core.package_identification:_identify(.) by extensions ['python_setup_py']
[0.357s] Level 1:colcon.colcon_core.package_identification:_identify(.) by extension 'python_setup_py'
[0.357s] Level 1:colcon.colcon_core.package_identification:_identify(build) by extensions ['ignore', 'ignore_ament_install']
[0.357s] Level 1:colcon.colcon_core.package_identification:_identify(build) by extension 'ignore'
[0.357s] Level 1:colcon.colcon_core.package_identification:_identify(build) ignored
[0.358s] Level 1:colcon.colcon_core.package_identification:_identify(install) by extensions ['ignore', 'ignore_ament_install']
[0.358s] Level 1:colcon.colcon_core.package_identification:_identify(install) by extension 'ignore'
[0.358s] Level 1:colcon.colcon_core.package_identification:_identify(install) ignored
[0.358s] Level 1:colcon.colcon_core.package_identification:_identify(log) by extensions ['ignore', 'ignore_ament_install']
[0.358s] Level 1:colcon.colcon_core.package_identification:_identify(log) by extension 'ignore'
[0.358s] Level 1:colcon.colcon_core.package_identification:_identify(log) ignored
[0.358s] Level 1:colcon.colcon_core.package_identification:_identify(src) by extensions ['ignore', 'ignore_ament_install']
[0.358s] Level 1:colcon.colcon_core.package_identification:_identify(src) by extension 'ignore'
[0.358s] Level 1:colcon.colcon_core.package_identification:_identify(src) by extension 'ignore_ament_install'
[0.358s] Level 1:colcon.colcon_core.package_identification:_identify(src) by extensions ['colcon_pkg']
[0.358s] Level 1:colcon.colcon_core.package_identification:_identify(src) by extension 'colcon_pkg'
[0.358s] Level 1:colcon.colcon_core.package_identification:_identify(src) by extensions ['colcon_meta']
[0.358s] Level 1:colcon.colcon_core.package_identification:_identify(src) by extension 'colcon_meta'
[0.358s] Level 1:colcon.colcon_core.package_identification:_identify(src) by extensions ['ros']
[0.358s] Level 1:colcon.colcon_core.package_identification:_identify(src) by extension 'ros'
[0.358s] Level 1:colcon.colcon_core.package_identification:_identify(src) by extensions ['cmake', 'python']
[0.358s] Level 1:colcon.colcon_core.package_identification:_identify(src) by extension 'cmake'
[0.358s] Level 1:colcon.colcon_core.package_identification:_identify(src) by extension 'python'
[0.358s] Level 1:colcon.colcon_core.package_identification:_identify(src) by extensions ['python_setup_py']
[0.358s] Level 1:colcon.colcon_core.package_identification:_identify(src) by extension 'python_setup_py'
[0.359s] Level 1:colcon.colcon_core.package_identification:_identify(src/lab1_pkg) by extensions ['ignore', 'ignore_ament_install']
[0.359s] Level 1:colcon.colcon_core.package_identification:_identify(src/lab1_pkg) by extension 'ignore'
[0.359s] Level 1:colcon.colcon_core.package_identification:_identify(src/lab1_pkg) by extension 'ignore_ament_install'
[0.359s] Level 1:colcon.colcon_core.package_identification:_identify(src/lab1_pkg) by extensions ['colcon_pkg']
[0.359s] Level 1:colcon.colcon_core.package_identification:_identify(src/lab1_pkg) by extension 'colcon_pkg'
[0.359s] Level 1:colcon.colcon_core.package_identification:_identify(src/lab1_pkg) by extensions ['colcon_meta']
[0.359s] Level 1:colcon.colcon_core.package_identification:_identify(src/lab1_pkg) by extension 'colcon_meta'
[0.359s] Level 1:colcon.colcon_core.package_identification:_identify(src/lab1_pkg) by extensions ['ros']
[0.359s] Level 1:colcon.colcon_core.package_identification:_identify(src/lab1_pkg) by extension 'ros'
[0.361s] DEBUG:colcon.colcon_core.package_identification:Package 'src/lab1_pkg' with type 'ros.ament_cmake' and name 'lab1_pkg'
[0.361s] Level 1:colcon.colcon_core.package_identification:_identify(src/pything) by extensions ['ignore', 'ignore_ament_install']
[0.361s] Level 1:colcon.colcon_core.package_identification:_identify(src/pything) by extension 'ignore'
[0.361s] Level 1:colcon.colcon_core.package_identification:_identify(src/pything) by extension 'ignore_ament_install'
[0.361s] Level 1:colcon.colcon_core.package_identification:_identify(src/pything) by extensions ['colcon_pkg']
[0.361s] Level 1:colcon.colcon_core.package_identification:_identify(src/pything) by extension 'colcon_pkg'
[0.361s] Level 1:colcon.colcon_core.package_identification:_identify(src/pything) by extensions ['colcon_meta']
[0.361s] Level 1:colcon.colcon_core.package_identification:_identify(src/pything) by extension 'colcon_meta'
[0.361s] Level 1:colcon.colcon_core.package_identification:_identify(src/pything) by extensions ['ros']
[0.361s] Level 1:colcon.colcon_core.package_identification:_identify(src/pything) by extension 'ros'
[0.362s] DEBUG:colcon.colcon_core.package_identification:Package 'src/pything' with type 'ros.ament_python' and name 'pything'
[0.362s] Level 1:colcon.colcon_core.package_discovery:discover_packages(recursive) using defaults
[0.362s] Level 1:colcon.colcon_core.package_discovery:discover_packages(ignore) discover
[0.362s] Level 1:colcon.colcon_core.package_discovery:discover_packages(ignore) using defaults
[0.362s] Level 1:colcon.colcon_core.package_discovery:discover_packages(path) discover
[0.362s] Level 1:colcon.colcon_core.package_discovery:discover_packages(path) using defaults
[0.374s] Level 1:colcon.colcon_core.package_discovery:discover_packages(prefix_path) check parameters
[0.374s] Level 1:colcon.colcon_core.package_discovery:discover_packages(prefix_path) discover
[0.376s] DEBUG:colcon.colcon_installed_package_information.package_discovery:Found 257 installed packages in /opt/ros/foxy
[0.377s] Level 1:colcon.colcon_core.package_discovery:discover_packages(prefix_path) using defaults
[0.419s] Level 5:colcon.colcon_core.verb:set package 'lab1_pkg' build argument 'cmake_args' from command line to 'None'
[0.419s] Level 5:colcon.colcon_core.verb:set package 'lab1_pkg' build argument 'cmake_target' from command line to 'None'
[0.419s] Level 5:colcon.colcon_core.verb:set package 'lab1_pkg' build argument 'cmake_target_skip_unavailable' from command line to 'False'
[0.419s] Level 5:colcon.colcon_core.verb:set package 'lab1_pkg' build argument 'cmake_clean_cache' from command line to 'False'
[0.419s] Level 5:colcon.colcon_core.verb:set package 'lab1_pkg' build argument 'cmake_clean_first' from command line to 'False'
[0.419s] Level 5:colcon.colcon_core.verb:set package 'lab1_pkg' build argument 'cmake_force_configure' from command line to 'False'
[0.419s] Level 5:colcon.colcon_core.verb:set package 'lab1_pkg' build argument 'ament_cmake_args' from command line to 'None'
[0.419s] Level 5:colcon.colcon_core.verb:set package 'lab1_pkg' build argument 'catkin_cmake_args' from command line to 'None'
[0.419s] Level 5:colcon.colcon_core.verb:set package 'lab1_pkg' build argument 'catkin_skip_building_tests' from command line to 'False'
[0.419s] DEBUG:colcon.colcon_core.verb:Building package 'lab1_pkg' with the following arguments: {'ament_cmake_args': None, 'build_base': '/home/kshreyas/Projects/ese6150_f1tenth/lab1_ws/build/lab1_pkg', 'catkin_cmake_args': None, 'catkin_skip_building_tests': False, 'cmake_args': None, 'cmake_clean_cache': False, 'cmake_clean_first': False, 'cmake_force_configure': False, 'cmake_target': None, 'cmake_target_skip_unavailable': False, 'install_base': '/home/kshreyas/Projects/ese6150_f1tenth/lab1_ws/install/lab1_pkg', 'merge_install': False, 'path': '/home/kshreyas/Projects/ese6150_f1tenth/lab1_ws/src/lab1_pkg', 'symlink_install': False, 'test_result_base': None}
[0.419s] Level 5:colcon.colcon_core.verb:set package 'pything' build argument 'cmake_args' from command line to 'None'
[0.419s] Level 5:colcon.colcon_core.verb:set package 'pything' build argument 'cmake_target' from command line to 'None'
[0.419s] Level 5:colcon.colcon_core.verb:set package 'pything' build argument 'cmake_target_skip_unavailable' from command line to 'False'
[0.419s] Level 5:colcon.colcon_core.verb:set package 'pything' build argument 'cmake_clean_cache' from command line to 'False'
[0.419s] Level 5:colcon.colcon_core.verb:set package 'pything' build argument 'cmake_clean_first' from command line to 'False'
[0.419s] Level 5:colcon.colcon_core.verb:set package 'pything' build argument 'cmake_force_configure' from command line to 'False'
[0.419s] Level 5:colcon.colcon_core.verb:set package 'pything' build argument 'ament_cmake_args' from command line to 'None'
[0.419s] Level 5:colcon.colcon_core.verb:set package 'pything' build argument 'catkin_cmake_args' from command line to 'None'
[0.419s] Level 5:colcon.colcon_core.verb:set package 'pything' build argument 'catkin_skip_building_tests' from command line to 'False'
[0.419s] DEBUG:colcon.colcon_core.verb:Building package 'pything' with the following arguments: {'ament_cmake_args': None, 'build_base': '/home/kshreyas/Projects/ese6150_f1tenth/lab1_ws/build/pything', 'catkin_cmake_args': None, 'catkin_skip_building_tests': False, 'cmake_args': None, 'cmake_clean_cache': False, 'cmake_clean_first': False, 'cmake_force_configure': False, 'cmake_target': None, 'cmake_target_skip_unavailable': False, 'install_base': '/home/kshreyas/Projects/ese6150_f1tenth/lab1_ws/install/pything', 'merge_install': False, 'path': '/home/kshreyas/Projects/ese6150_f1tenth/lab1_ws/src/pything', 'symlink_install': False, 'test_result_base': None}
[0.419s] INFO:colcon.colcon_core.executor:Executing jobs using 'parallel' executor
[0.420s] DEBUG:colcon.colcon_parallel_executor.executor.parallel:run_until_complete
[0.421s] INFO:colcon.colcon_ros.task.ament_cmake.build:Building ROS package in '/home/kshreyas/Projects/ese6150_f1tenth/lab1_ws/src/lab1_pkg' with build type 'ament_cmake'
[0.421s] INFO:colcon.colcon_cmake.task.cmake.build:Building CMake package in '/home/kshreyas/Projects/ese6150_f1tenth/lab1_ws/src/lab1_pkg'
[0.422s] INFO:colcon.colcon_core.plugin_system:Skipping extension 'colcon_core.shell.bat': Not used on non-Windows systems
[0.422s] INFO:colcon.colcon_core.shell:Skip shell extension 'powershell' for command environment: Not usable outside of PowerShell
[0.422s] DEBUG:colcon.colcon_core.shell:Skip shell extension 'dsv' for command environment
[0.427s] INFO:colcon.colcon_ros.task.ament_python.build:Building ROS package in '/home/kshreyas/Projects/ese6150_f1tenth/lab1_ws/src/pything' with build type 'ament_python'
[0.427s] Level 1:colcon.colcon_core.shell:create_environment_hook('pything', 'ament_prefix_path')
[0.427s] INFO:colcon.colcon_core.shell:Creating environment hook '/home/kshreyas/Projects/ese6150_f1tenth/lab1_ws/install/pything/share/pything/hook/ament_prefix_path.ps1'
[0.433s] INFO:colcon.colcon_core.shell:Creating environment descriptor '/home/kshreyas/Projects/ese6150_f1tenth/lab1_ws/install/pything/share/pything/hook/ament_prefix_path.dsv'
[0.434s] INFO:colcon.colcon_core.shell:Creating environment hook '/home/kshreyas/Projects/ese6150_f1tenth/lab1_ws/install/pything/share/pything/hook/ament_prefix_path.sh'
[0.435s] INFO:colcon.colcon_core.shell:Skip shell extension 'powershell' for command environment: Not usable outside of PowerShell
[0.435s] DEBUG:colcon.colcon_core.shell:Skip shell extension 'dsv' for command environment
[0.446s] DEBUG:colcon.colcon_core.event_handler.log_command:Invoking command in '/home/kshreyas/Projects/ese6150_f1tenth/lab1_ws/build/lab1_pkg': CMAKE_PREFIX_PATH=/opt/ros/foxy /usr/bin/cmake /home/kshreyas/Projects/ese6150_f1tenth/lab1_ws/src/lab1_pkg -DCMAKE_INSTALL_PREFIX=/home/kshreyas/Projects/ese6150_f1tenth/lab1_ws/install/lab1_pkg
[0.665s] INFO:colcon.colcon_core.task.python.build:Building Python package in '/home/kshreyas/Projects/ese6150_f1tenth/lab1_ws/src/pything'
[0.666s] INFO:colcon.colcon_core.shell:Skip shell extension 'powershell' for command environment: Not usable outside of PowerShell
[0.666s] DEBUG:colcon.colcon_core.shell:Skip shell extension 'dsv' for command environment
[1.040s] DEBUG:colcon.colcon_core.event_handler.log_command:Invoked command in '/home/kshreyas/Projects/ese6150_f1tenth/lab1_ws/build/lab1_pkg' returned '0': CMAKE_PREFIX_PATH=/opt/ros/foxy /usr/bin/cmake /home/kshreyas/Projects/ese6150_f1tenth/lab1_ws/src/lab1_pkg -DCMAKE_INSTALL_PREFIX=/home/kshreyas/Projects/ese6150_f1tenth/lab1_ws/install/lab1_pkg
[1.046s] DEBUG:colcon.colcon_core.event_handler.log_command:Invoking command in '/home/kshreyas/Projects/ese6150_f1tenth/lab1_ws/build/lab1_pkg': CMAKE_PREFIX_PATH=/opt/ros/foxy /usr/bin/cmake --build /home/kshreyas/Projects/ese6150_f1tenth/lab1_ws/build/lab1_pkg -- -j16 -l16
[1.106s] DEBUG:colcon.colcon_core.event_handler.log_command:Invoking command in '/home/kshreyas/Projects/ese6150_f1tenth/lab1_ws/src/pything': PYTHONPATH=/home/kshreyas/Projects/ese6150_f1tenth/lab1_ws/build/pything/prefix_override:/home/kshreyas/Projects/ese6150_f1tenth/lab1_ws/install/pything/lib/python3.8/site-packages:${PYTHONPATH} /usr/bin/python3 -W ignore:setup.py install is deprecated setup.py egg_info --egg-base ../../build/pything build --build-base /home/kshreyas/Projects/ese6150_f1tenth/lab1_ws/build/pything/build install --record /home/kshreyas/Projects/ese6150_f1tenth/lab1_ws/build/pything/install.log --install-scripts $base/lib/pything --single-version-externally-managed install_data
[1.402s] DEBUG:colcon.colcon_core.event_handler.log_command:Invoked command in '/home/kshreyas/Projects/ese6150_f1tenth/lab1_ws/src/pything' returned '0': PYTHONPATH=/home/kshreyas/Projects/ese6150_f1tenth/lab1_ws/build/pything/prefix_override:/home/kshreyas/Projects/ese6150_f1tenth/lab1_ws/install/pything/lib/python3.8/site-packages:${PYTHONPATH} /usr/bin/python3 -W ignore:setup.py install is deprecated setup.py egg_info --egg-base ../../build/pything build --build-base /home/kshreyas/Projects/ese6150_f1tenth/lab1_ws/build/pything/build install --record /home/kshreyas/Projects/ese6150_f1tenth/lab1_ws/build/pything/install.log --install-scripts $base/lib/pything --single-version-externally-managed install_data
[1.404s] Level 1:colcon.colcon_core.environment:checking '/home/kshreyas/Projects/ese6150_f1tenth/lab1_ws/install/pything' for CMake module files
[1.405s] Level 1:colcon.colcon_core.environment:checking '/home/kshreyas/Projects/ese6150_f1tenth/lab1_ws/install/pything' for CMake config files
[1.405s] Level 1:colcon.colcon_core.environment:checking '/home/kshreyas/Projects/ese6150_f1tenth/lab1_ws/install/pything/lib'
[1.406s] Level 1:colcon.colcon_core.environment:checking '/home/kshreyas/Projects/ese6150_f1tenth/lab1_ws/install/pything/bin'
[1.406s] Level 1:colcon.colcon_core.environment:checking '/home/kshreyas/Projects/ese6150_f1tenth/lab1_ws/install/pything/lib/pkgconfig/pything.pc'
[1.406s] Level 1:colcon.colcon_core.environment:checking '/home/kshreyas/Projects/ese6150_f1tenth/lab1_ws/install/pything/lib/python3.8/site-packages'
[1.406s] Level 1:colcon.colcon_core.shell:create_environment_hook('pything', 'pythonpath')
[1.406s] INFO:colcon.colcon_core.shell:Creating environment hook '/home/kshreyas/Projects/ese6150_f1tenth/lab1_ws/install/pything/share/pything/hook/pythonpath.ps1'
[1.407s] INFO:colcon.colcon_core.shell:Creating environment descriptor '/home/kshreyas/Projects/ese6150_f1tenth/lab1_ws/install/pything/share/pything/hook/pythonpath.dsv'
[1.407s] INFO:colcon.colcon_core.shell:Creating environment hook '/home/kshreyas/Projects/ese6150_f1tenth/lab1_ws/install/pything/share/pything/hook/pythonpath.sh'
[1.407s] Level 1:colcon.colcon_core.environment:checking '/home/kshreyas/Projects/ese6150_f1tenth/lab1_ws/install/pything/bin'
[1.407s] Level 1:colcon.colcon_core.environment:create_environment_scripts_only(pything)
[1.408s] INFO:colcon.colcon_core.shell:Creating package script '/home/kshreyas/Projects/ese6150_f1tenth/lab1_ws/install/pything/share/pything/package.ps1'
[1.409s] INFO:colcon.colcon_core.shell:Creating package descriptor '/home/kshreyas/Projects/ese6150_f1tenth/lab1_ws/install/pything/share/pything/package.dsv'
[1.410s] INFO:colcon.colcon_core.shell:Creating package script '/home/kshreyas/Projects/ese6150_f1tenth/lab1_ws/install/pything/share/pything/package.sh'
[1.410s] INFO:colcon.colcon_core.shell:Creating package script '/home/kshreyas/Projects/ese6150_f1tenth/lab1_ws/install/pything/share/pything/package.bash'
[1.411s] INFO:colcon.colcon_core.shell:Creating package script '/home/kshreyas/Projects/ese6150_f1tenth/lab1_ws/install/pything/share/pything/package.zsh'
[1.411s] Level 1:colcon.colcon_core.environment:create_file_with_runtime_dependencies(/home/kshreyas/Projects/ese6150_f1tenth/lab1_ws/install/pything/share/colcon-core/packages/pything)
[6.048s] DEBUG:colcon.colcon_core.event_handler.log_command:Invoked command in '/home/kshreyas/Projects/ese6150_f1tenth/lab1_ws/build/lab1_pkg' returned '0': CMAKE_PREFIX_PATH=/opt/ros/foxy /usr/bin/cmake --build /home/kshreyas/Projects/ese6150_f1tenth/lab1_ws/build/lab1_pkg -- -j16 -l16
[6.084s] DEBUG:colcon.colcon_core.event_handler.log_command:Invoking command in '/home/kshreyas/Projects/ese6150_f1tenth/lab1_ws/build/lab1_pkg': CMAKE_PREFIX_PATH=/opt/ros/foxy /usr/bin/cmake --install /home/kshreyas/Projects/ese6150_f1tenth/lab1_ws/build/lab1_pkg
[6.134s] DEBUG:colcon.colcon_core.event_handler.log_command:Invoked command in '/home/kshreyas/Projects/ese6150_f1tenth/lab1_ws/build/lab1_pkg' returned '1': CMAKE_PREFIX_PATH=/opt/ros/foxy /usr/bin/cmake --install /home/kshreyas/Projects/ese6150_f1tenth/lab1_ws/build/lab1_pkg
[6.167s] Level 1:colcon.colcon_core.environment:create_environment_scripts_only(lab1_pkg)
[6.168s] Level 1:colcon.colcon_core.environment:checking '/home/kshreyas/Projects/ese6150_f1tenth/lab1_ws/install/lab1_pkg' for CMake module files
[6.169s] Level 1:colcon.colcon_core.environment:checking '/home/kshreyas/Projects/ese6150_f1tenth/lab1_ws/install/lab1_pkg' for CMake config files
[6.169s] Level 1:colcon.colcon_core.environment:checking '/home/kshreyas/Projects/ese6150_f1tenth/lab1_ws/install/lab1_pkg/lib'
[6.170s] Level 1:colcon.colcon_core.environment:checking '/home/kshreyas/Projects/ese6150_f1tenth/lab1_ws/install/lab1_pkg/bin'
[6.170s] Level 1:colcon.colcon_core.environment:checking '/home/kshreyas/Projects/ese6150_f1tenth/lab1_ws/install/lab1_pkg/lib/pkgconfig/lab1_pkg.pc'
[6.170s] Level 1:colcon.colcon_core.environment:checking '/home/kshreyas/Projects/ese6150_f1tenth/lab1_ws/install/lab1_pkg/lib/python3.8/site-packages'
[6.170s] Level 1:colcon.colcon_core.shell:create_environment_hook('lab1_pkg', 'pythonpath')
[6.171s] INFO:colcon.colcon_core.shell:Creating environment hook '/home/kshreyas/Projects/ese6150_f1tenth/lab1_ws/install/lab1_pkg/share/lab1_pkg/hook/pythonpath.ps1'
[6.172s] INFO:colcon.colcon_core.shell:Creating environment descriptor '/home/kshreyas/Projects/ese6150_f1tenth/lab1_ws/install/lab1_pkg/share/lab1_pkg/hook/pythonpath.dsv'
[6.172s] INFO:colcon.colcon_core.shell:Creating environment hook '/home/kshreyas/Projects/ese6150_f1tenth/lab1_ws/install/lab1_pkg/share/lab1_pkg/hook/pythonpath.sh'
[6.173s] Level 1:colcon.colcon_core.environment:checking '/home/kshreyas/Projects/ese6150_f1tenth/lab1_ws/install/lab1_pkg/bin'
[6.173s] INFO:colcon.colcon_core.shell:Creating package script '/home/kshreyas/Projects/ese6150_f1tenth/lab1_ws/install/lab1_pkg/share/lab1_pkg/package.ps1'
[6.174s] INFO:colcon.colcon_core.shell:Creating package descriptor '/home/kshreyas/Projects/ese6150_f1tenth/lab1_ws/install/lab1_pkg/share/lab1_pkg/package.dsv'
[6.175s] INFO:colcon.colcon_core.shell:Creating package script '/home/kshreyas/Projects/ese6150_f1tenth/lab1_ws/install/lab1_pkg/share/lab1_pkg/package.sh'
[6.175s] INFO:colcon.colcon_core.shell:Creating package script '/home/kshreyas/Projects/ese6150_f1tenth/lab1_ws/install/lab1_pkg/share/lab1_pkg/package.bash'
[6.176s] INFO:colcon.colcon_core.shell:Creating package script '/home/kshreyas/Projects/ese6150_f1tenth/lab1_ws/install/lab1_pkg/share/lab1_pkg/package.zsh'
[6.177s] Level 1:colcon.colcon_core.environment:create_file_with_runtime_dependencies(/home/kshreyas/Projects/ese6150_f1tenth/lab1_ws/install/lab1_pkg/share/colcon-core/packages/lab1_pkg)
[6.188s] DEBUG:colcon.colcon_parallel_executor.executor.parallel:closing loop
[6.188s] DEBUG:colcon.colcon_parallel_executor.executor.parallel:loop closed
[6.188s] DEBUG:colcon.colcon_parallel_executor.executor.parallel:run_until_complete finished with '1'
[6.189s] DEBUG:colcon.colcon_core.event_reactor:joining thread
[6.199s] INFO:colcon.colcon_core.plugin_system:Skipping extension 'colcon_notification.desktop_notification.terminal_notifier': Not used on non-Darwin systems
[6.199s] INFO:colcon.colcon_core.plugin_system:Skipping extension 'colcon_notification.desktop_notification.win32': Not used on non-Windows systems
[6.199s] INFO:colcon.colcon_notification.desktop_notification:Sending desktop notification using 'notify2'
[6.237s] DEBUG:colcon.colcon_core.event_reactor:joined thread
[6.237s] INFO:colcon.colcon_core.shell:Creating prefix script '/home/kshreyas/Projects/ese6150_f1tenth/lab1_ws/install/local_setup.ps1'
[6.238s] INFO:colcon.colcon_core.shell:Creating prefix util module '/home/kshreyas/Projects/ese6150_f1tenth/lab1_ws/install/_local_setup_util_ps1.py'
[6.239s] INFO:colcon.colcon_core.shell:Creating prefix chain script '/home/kshreyas/Projects/ese6150_f1tenth/lab1_ws/install/setup.ps1'
[6.240s] INFO:colcon.colcon_core.shell:Creating prefix script '/home/kshreyas/Projects/ese6150_f1tenth/lab1_ws/install/local_setup.sh'
[6.240s] INFO:colcon.colcon_core.shell:Creating prefix util module '/home/kshreyas/Projects/ese6150_f1tenth/lab1_ws/install/_local_setup_util_sh.py'
[6.241s] INFO:colcon.colcon_core.shell:Creating prefix chain script '/home/kshreyas/Projects/ese6150_f1tenth/lab1_ws/install/setup.sh'
[6.243s] INFO:colcon.colcon_core.shell:Creating prefix script '/home/kshreyas/Projects/ese6150_f1tenth/lab1_ws/install/local_setup.bash'
[6.244s] INFO:colcon.colcon_core.shell:Creating prefix chain script '/home/kshreyas/Projects/ese6150_f1tenth/lab1_ws/install/setup.bash'
[6.245s] INFO:colcon.colcon_core.shell:Creating prefix script '/home/kshreyas/Projects/ese6150_f1tenth/lab1_ws/install/local_setup.zsh'
[6.246s] INFO:colcon.colcon_core.shell:Creating prefix chain script '/home/kshreyas/Projects/ese6150_f1tenth/lab1_ws/install/setup.zsh'
