[0.010s] Invoking command in '/home/kshreyas/Projects/ese6150_f1tenth/lab1_ws/build/lab1_pkg': CMAKE_PREFIX_PATH=${CMAKE_PREFIX_PATH}:/opt/ros/foxy /usr/bin/cmake --build /home/kshreyas/Projects/ese6150_f1tenth/lab1_ws/build/lab1_pkg -- -j16 -l16
[0.068s] [35m[1mScanning dependencies of target relay[0m
[0.092s] [ 50%] Built target talker
[0.098s] [ 75%] [32mBuilding CXX object CMakeFiles/relay.dir/src/relay.cpp.o[0m
[4.440s] [100%] [32m[1mLinking CXX executable relay[0m
[4.635s] [100%] Built target relay
[4.654s] Invoked command in '/home/kshreyas/Projects/ese6150_f1tenth/lab1_ws/build/lab1_pkg' returned '0': CMAKE_PREFIX_PATH=${CMAKE_PREFIX_PATH}:/opt/ros/foxy /usr/bin/cmake --build /home/kshreyas/Projects/ese6150_f1tenth/lab1_ws/build/lab1_pkg -- -j16 -l16
[4.715s] Invoking command in '/home/kshreyas/Projects/ese6150_f1tenth/lab1_ws/build/lab1_pkg': CMAKE_PREFIX_PATH=${CMAKE_PREFIX_PATH}:/opt/ros/foxy /usr/bin/cmake --install /home/kshreyas/Projects/ese6150_f1tenth/lab1_ws/build/lab1_pkg
[4.721s] -- Install configuration: ""
[4.721s] -- Up-to-date: /home/kshreyas/Projects/ese6150_f1tenth/lab1_ws/install/lab1_pkg/lib/lab1_pkg/talker
[4.721s] -- Installing: /home/kshreyas/Projects/ese6150_f1tenth/lab1_ws/install/lab1_pkg/lib/lab1_pkg/relay
[4.724s] -- Set runtime path of "/home/kshreyas/Projects/ese6150_f1tenth/lab1_ws/install/lab1_pkg/lib/lab1_pkg/relay" to ""
[4.725s] -- Up-to-date: /home/kshreyas/Projects/ese6150_f1tenth/lab1_ws/install/lab1_pkg/share/lab1_pkg/environment/pythonpath.sh
[4.725s] -- Up-to-date: /home/kshreyas/Projects/ese6150_f1tenth/lab1_ws/install/lab1_pkg/share/lab1_pkg/environment/pythonpath.dsv
[4.725s] -- Up-to-date: /home/kshreyas/Projects/ese6150_f1tenth/lab1_ws/install/lab1_pkg/lib/python3.8/site-packages/lab1_pkg
[4.725s] -- Up-to-date: /home/kshreyas/Projects/ese6150_f1tenth/lab1_ws/install/lab1_pkg/lib/python3.8/site-packages/lab1_pkg/__init__.py
[4.757s] Listing '/home/kshreyas/Projects/ese6150_f1tenth/lab1_ws/install/lab1_pkg/lib/python3.8/site-packages/lab1_pkg'...
[4.761s] -- Up-to-date: /home/kshreyas/Projects/ese6150_f1tenth/lab1_ws/install/lab1_pkg/share/lab1_pkg//launch
[4.761s] -- Up-to-date: /home/kshreyas/Projects/ese6150_f1tenth/lab1_ws/install/lab1_pkg/share/lab1_pkg//launch/lab1_launch.py
[4.761s] -- Up-to-date: /home/kshreyas/Projects/ese6150_f1tenth/lab1_ws/install/lab1_pkg/share/ament_index/resource_index/package_run_dependencies/lab1_pkg
[4.761s] -- Up-to-date: /home/kshreyas/Projects/ese6150_f1tenth/lab1_ws/install/lab1_pkg/share/ament_index/resource_index/parent_prefix_path/lab1_pkg
[4.761s] -- Up-to-date: /home/kshreyas/Projects/ese6150_f1tenth/lab1_ws/install/lab1_pkg/share/lab1_pkg/environment/ament_prefix_path.sh
[4.761s] -- Up-to-date: /home/kshreyas/Projects/ese6150_f1tenth/lab1_ws/install/lab1_pkg/share/lab1_pkg/environment/ament_prefix_path.dsv
[4.761s] -- Up-to-date: /home/kshreyas/Projects/ese6150_f1tenth/lab1_ws/install/lab1_pkg/share/lab1_pkg/environment/path.sh
[4.761s] -- Up-to-date: /home/kshreyas/Projects/ese6150_f1tenth/lab1_ws/install/lab1_pkg/share/lab1_pkg/environment/path.dsv
[4.761s] -- Up-to-date: /home/kshreyas/Projects/ese6150_f1tenth/lab1_ws/install/lab1_pkg/share/lab1_pkg/local_setup.bash
[4.761s] -- Up-to-date: /home/kshreyas/Projects/ese6150_f1tenth/lab1_ws/install/lab1_pkg/share/lab1_pkg/local_setup.sh
[4.761s] -- Up-to-date: /home/kshreyas/Projects/ese6150_f1tenth/lab1_ws/install/lab1_pkg/share/lab1_pkg/local_setup.zsh
[4.762s] -- Up-to-date: /home/kshreyas/Projects/ese6150_f1tenth/lab1_ws/install/lab1_pkg/share/lab1_pkg/local_setup.dsv
[4.762s] -- Installing: /home/kshreyas/Projects/ese6150_f1tenth/lab1_ws/install/lab1_pkg/share/lab1_pkg/package.dsv
[4.762s] -- Up-to-date: /home/kshreyas/Projects/ese6150_f1tenth/lab1_ws/install/lab1_pkg/share/ament_index/resource_index/packages/lab1_pkg
[4.762s] -- Up-to-date: /home/kshreyas/Projects/ese6150_f1tenth/lab1_ws/install/lab1_pkg/share/lab1_pkg/cmake/lab1_pkgConfig.cmake
[4.762s] -- Up-to-date: /home/kshreyas/Projects/ese6150_f1tenth/lab1_ws/install/lab1_pkg/share/lab1_pkg/cmake/lab1_pkgConfig-version.cmake
[4.762s] -- Up-to-date: /home/kshreyas/Projects/ese6150_f1tenth/lab1_ws/install/lab1_pkg/share/lab1_pkg/package.xml
[4.765s] Invoked command in '/home/kshreyas/Projects/ese6150_f1tenth/lab1_ws/build/lab1_pkg' returned '0': CMAKE_PREFIX_PATH=${CMAKE_PREFIX_PATH}:/opt/ros/foxy /usr/bin/cmake --install /home/kshreyas/Projects/ese6150_f1tenth/lab1_ws/build/lab1_pkg
