[0.192s] DEBUG:colcon:Command line arguments: ['/usr/bin/colcon', 'build']
[0.192s] DEBUG:colcon:Parsed command line arguments: Namespace(allow_overriding=[], ament_cmake_args=None, base_paths=['.'], build_base='build', catkin_cmake_args=None, catkin_skip_building_tests=False, cmake_args=None, cmake_clean_cache=False, cmake_clean_first=False, cmake_force_configure=False, cmake_target=None, cmake_target_skip_unavailable=False, continue_on_error=False, event_handlers=None, executor='parallel', ignore_user_meta=False, install_base='install', log_base=None, log_level=None, main=<bound method BuildVerb.main of <colcon_core.verb.build.BuildVerb object at 0x7f25dea25550>>, merge_install=False, metas=['./colcon.meta'], mixin=None, mixin_files=None, mixin_verb=('build',), packages_above=None, packages_above_and_dependencies=None, packages_above_depth=None, packages_end=None, packages_ignore=None, packages_ignore_regex=None, packages_select=None, packages_select_build_failed=False, packages_select_by_dep=None, packages_select_regex=None, packages_select_test_failures=False, packages_skip=None, packages_skip_build_finished=False, packages_skip_by_dep=None, packages_skip_regex=None, packages_skip_test_passed=False, packages_skip_up_to=None, packages_start=None, packages_up_to=None, packages_up_to_regex=None, parallel_workers=16, paths=None, symlink_install=False, test_result_base=None, verb_extension=<colcon_core.verb.build.BuildVerb object at 0x7f25dea25550>, verb_name='build', verb_parser=<colcon_mixin.mixin.mixin_argument.MixinArgumentDecorator object at 0x7f25de97aac0>)
[0.334s] Level 1:colcon.colcon_core.package_discovery:discover_packages(colcon_meta) check parameters
[0.334s] Level 1:colcon.colcon_core.package_discovery:discover_packages(recursive) check parameters
[0.334s] Level 1:colcon.colcon_core.package_discovery:discover_packages(ignore) check parameters
[0.334s] Level 1:colcon.colcon_core.package_discovery:discover_packages(path) check parameters
[0.334s] Level 1:colcon.colcon_core.package_discovery:discover_packages(colcon_meta) discover
[0.334s] Level 1:colcon.colcon_core.package_discovery:discover_packages(recursive) discover
[0.334s] INFO:colcon.colcon_core.package_discovery:Crawling recursively for packages in '/home/kshreyas/Projects/ese6150_f1tenth/lab1_ws'
[0.334s] Level 1:colcon.colcon_core.package_identification:_identify(.) by extensions ['ignore', 'ignore_ament_install']
[0.334s] Level 1:colcon.colcon_core.package_identification:_identify(.) by extension 'ignore'
[0.334s] Level 1:colcon.colcon_core.package_identification:_identify(.) by extension 'ignore_ament_install'
[0.334s] Level 1:colcon.colcon_core.package_identification:_identify(.) by extensions ['colcon_pkg']
[0.334s] Level 1:colcon.colcon_core.package_identification:_identify(.) by extension 'colcon_pkg'
[0.334s] Level 1:colcon.colcon_core.package_identification:_identify(.) by extensions ['colcon_meta']
[0.334s] Level 1:colcon.colcon_core.package_identification:_identify(.) by extension 'colcon_meta'
[0.334s] Level 1:colcon.colcon_core.package_identification:_identify(.) by extensions ['ros']
[0.334s] Level 1:colcon.colcon_core.package_identification:_identify(.) by extension 'ros'
[0.370s] Level 1:colcon.colcon_core.package_identification:_identify(.) by extensions ['cmake', 'python']
[0.370s] Level 1:colcon.colcon_core.package_identification:_identify(.) by extension 'cmake'
[0.370s] Level 1:colcon.colcon_core.package_identification:_identify(.) by extension 'python'
[0.370s] Level 1:colcon.colcon_core.package_identification:_identify(.) by extensions ['python_setup_py']
[0.370s] Level 1:colcon.colcon_core.package_identification:_identify(.) by extension 'python_setup_py'
[0.370s] Level 1:colcon.colcon_core.package_identification:_identify(build) by extensions ['ignore', 'ignore_ament_install']
[0.370s] Level 1:colcon.colcon_core.package_identification:_identify(build) by extension 'ignore'
[0.370s] Level 1:colcon.colcon_core.package_identification:_identify(build) ignored
[0.370s] Level 1:colcon.colcon_core.package_identification:_identify(install) by extensions ['ignore', 'ignore_ament_install']
[0.370s] Level 1:colcon.colcon_core.package_identification:_identify(install) by extension 'ignore'
[0.370s] Level 1:colcon.colcon_core.package_identification:_identify(install) ignored
[0.370s] Level 1:colcon.colcon_core.package_identification:_identify(log) by extensions ['ignore', 'ignore_ament_install']
[0.371s] Level 1:colcon.colcon_core.package_identification:_identify(log) by extension 'ignore'
[0.371s] Level 1:colcon.colcon_core.package_identification:_identify(log) ignored
[0.371s] Level 1:colcon.colcon_core.package_identification:_identify(src) by extensions ['ignore', 'ignore_ament_install']
[0.371s] Level 1:colcon.colcon_core.package_identification:_identify(src) by extension 'ignore'
[0.371s] Level 1:colcon.colcon_core.package_identification:_identify(src) by extension 'ignore_ament_install'
[0.371s] Level 1:colcon.colcon_core.package_identification:_identify(src) by extensions ['colcon_pkg']
[0.371s] Level 1:colcon.colcon_core.package_identification:_identify(src) by extension 'colcon_pkg'
[0.371s] Level 1:colcon.colcon_core.package_identification:_identify(src) by extensions ['colcon_meta']
[0.371s] Level 1:colcon.colcon_core.package_identification:_identify(src) by extension 'colcon_meta'
[0.371s] Level 1:colcon.colcon_core.package_identification:_identify(src) by extensions ['ros']
[0.371s] Level 1:colcon.colcon_core.package_identification:_identify(src) by extension 'ros'
[0.371s] Level 1:colcon.colcon_core.package_identification:_identify(src) by extensions ['cmake', 'python']
[0.371s] Level 1:colcon.colcon_core.package_identification:_identify(src) by extension 'cmake'
[0.371s] Level 1:colcon.colcon_core.package_identification:_identify(src) by extension 'python'
[0.371s] Level 1:colcon.colcon_core.package_identification:_identify(src) by extensions ['python_setup_py']
[0.371s] Level 1:colcon.colcon_core.package_identification:_identify(src) by extension 'python_setup_py'
[0.371s] Level 1:colcon.colcon_core.package_identification:_identify(src/lab1_pkg) by extensions ['ignore', 'ignore_ament_install']
[0.371s] Level 1:colcon.colcon_core.package_identification:_identify(src/lab1_pkg) by extension 'ignore'
[0.371s] Level 1:colcon.colcon_core.package_identification:_identify(src/lab1_pkg) by extension 'ignore_ament_install'
[0.371s] Level 1:colcon.colcon_core.package_identification:_identify(src/lab1_pkg) by extensions ['colcon_pkg']
[0.371s] Level 1:colcon.colcon_core.package_identification:_identify(src/lab1_pkg) by extension 'colcon_pkg'
[0.371s] Level 1:colcon.colcon_core.package_identification:_identify(src/lab1_pkg) by extensions ['colcon_meta']
[0.371s] Level 1:colcon.colcon_core.package_identification:_identify(src/lab1_pkg) by extension 'colcon_meta'
[0.371s] Level 1:colcon.colcon_core.package_identification:_identify(src/lab1_pkg) by extensions ['ros']
[0.371s] Level 1:colcon.colcon_core.package_identification:_identify(src/lab1_pkg) by extension 'ros'
[0.373s] DEBUG:colcon.colcon_core.package_identification:Package 'src/lab1_pkg' with type 'ros.ament_cmake' and name 'lab1_pkg'
[0.373s] Level 1:colcon.colcon_core.package_discovery:discover_packages(recursive) using defaults
[0.373s] Level 1:colcon.colcon_core.package_discovery:discover_packages(ignore) discover
[0.373s] Level 1:colcon.colcon_core.package_discovery:discover_packages(ignore) using defaults
[0.373s] Level 1:colcon.colcon_core.package_discovery:discover_packages(path) discover
[0.373s] Level 1:colcon.colcon_core.package_discovery:discover_packages(path) using defaults
[0.385s] Level 1:colcon.colcon_core.package_discovery:discover_packages(prefix_path) check parameters
[0.385s] Level 1:colcon.colcon_core.package_discovery:discover_packages(prefix_path) discover
[0.386s] DEBUG:colcon.colcon_installed_package_information.package_discovery:Found 257 installed packages in /opt/ros/foxy
[0.387s] Level 1:colcon.colcon_core.package_discovery:discover_packages(prefix_path) using defaults
[0.428s] Level 5:colcon.colcon_core.verb:set package 'lab1_pkg' build argument 'cmake_args' from command line to 'None'
[0.428s] Level 5:colcon.colcon_core.verb:set package 'lab1_pkg' build argument 'cmake_target' from command line to 'None'
[0.428s] Level 5:colcon.colcon_core.verb:set package 'lab1_pkg' build argument 'cmake_target_skip_unavailable' from command line to 'False'
[0.428s] Level 5:colcon.colcon_core.verb:set package 'lab1_pkg' build argument 'cmake_clean_cache' from command line to 'False'
[0.428s] Level 5:colcon.colcon_core.verb:set package 'lab1_pkg' build argument 'cmake_clean_first' from command line to 'False'
[0.429s] Level 5:colcon.colcon_core.verb:set package 'lab1_pkg' build argument 'cmake_force_configure' from command line to 'False'
[0.429s] Level 5:colcon.colcon_core.verb:set package 'lab1_pkg' build argument 'ament_cmake_args' from command line to 'None'
[0.429s] Level 5:colcon.colcon_core.verb:set package 'lab1_pkg' build argument 'catkin_cmake_args' from command line to 'None'
[0.429s] Level 5:colcon.colcon_core.verb:set package 'lab1_pkg' build argument 'catkin_skip_building_tests' from command line to 'False'
[0.429s] DEBUG:colcon.colcon_core.verb:Building package 'lab1_pkg' with the following arguments: {'ament_cmake_args': None, 'build_base': '/home/kshreyas/Projects/ese6150_f1tenth/lab1_ws/build/lab1_pkg', 'catkin_cmake_args': None, 'catkin_skip_building_tests': False, 'cmake_args': None, 'cmake_clean_cache': False, 'cmake_clean_first': False, 'cmake_force_configure': False, 'cmake_target': None, 'cmake_target_skip_unavailable': False, 'install_base': '/home/kshreyas/Projects/ese6150_f1tenth/lab1_ws/install/lab1_pkg', 'merge_install': False, 'path': '/home/kshreyas/Projects/ese6150_f1tenth/lab1_ws/src/lab1_pkg', 'symlink_install': False, 'test_result_base': None}
[0.429s] INFO:colcon.colcon_core.executor:Executing jobs using 'parallel' executor
[0.430s] DEBUG:colcon.colcon_parallel_executor.executor.parallel:run_until_complete
[0.430s] INFO:colcon.colcon_ros.task.ament_cmake.build:Building ROS package in '/home/kshreyas/Projects/ese6150_f1tenth/lab1_ws/src/lab1_pkg' with build type 'ament_cmake'
[0.430s] INFO:colcon.colcon_cmake.task.cmake.build:Building CMake package in '/home/kshreyas/Projects/ese6150_f1tenth/lab1_ws/src/lab1_pkg'
[0.431s] INFO:colcon.colcon_core.plugin_system:Skipping extension 'colcon_core.shell.bat': Not used on non-Windows systems
[0.432s] INFO:colcon.colcon_core.shell:Skip shell extension 'powershell' for command environment: Not usable outside of PowerShell
[0.432s] DEBUG:colcon.colcon_core.shell:Skip shell extension 'dsv' for command environment
[0.439s] DEBUG:colcon.colcon_core.event_handler.log_command:Invoking command in '/home/kshreyas/Projects/ese6150_f1tenth/lab1_ws/build/lab1_pkg': CMAKE_PREFIX_PATH=/opt/ros/foxy /usr/bin/cmake /home/kshreyas/Projects/ese6150_f1tenth/lab1_ws/src/lab1_pkg -DCMAKE_INSTALL_PREFIX=/home/kshreyas/Projects/ese6150_f1tenth/lab1_ws/install/lab1_pkg
[0.932s] DEBUG:colcon.colcon_core.event_handler.log_command:Invoked command in '/home/kshreyas/Projects/ese6150_f1tenth/lab1_ws/build/lab1_pkg' returned '1': CMAKE_PREFIX_PATH=/opt/ros/foxy /usr/bin/cmake /home/kshreyas/Projects/ese6150_f1tenth/lab1_ws/src/lab1_pkg -DCMAKE_INSTALL_PREFIX=/home/kshreyas/Projects/ese6150_f1tenth/lab1_ws/install/lab1_pkg
[0.950s] Level 1:colcon.colcon_core.environment:create_environment_scripts_only(lab1_pkg)
[0.954s] Level 1:colcon.colcon_core.environment:checking '/home/kshreyas/Projects/ese6150_f1tenth/lab1_ws/install/lab1_pkg' for CMake module files
[0.954s] Level 1:colcon.colcon_core.environment:checking '/home/kshreyas/Projects/ese6150_f1tenth/lab1_ws/install/lab1_pkg' for CMake config files
[0.955s] Level 1:colcon.colcon_core.environment:checking '/home/kshreyas/Projects/ese6150_f1tenth/lab1_ws/install/lab1_pkg/bin'
[0.956s] Level 1:colcon.colcon_core.environment:checking '/home/kshreyas/Projects/ese6150_f1tenth/lab1_ws/install/lab1_pkg/lib/pkgconfig/lab1_pkg.pc'
[0.956s] Level 1:colcon.colcon_core.environment:checking '/home/kshreyas/Projects/ese6150_f1tenth/lab1_ws/install/lab1_pkg/lib/python3.8/site-packages'
[0.956s] Level 1:colcon.colcon_core.environment:checking '/home/kshreyas/Projects/ese6150_f1tenth/lab1_ws/install/lab1_pkg/bin'
[0.957s] INFO:colcon.colcon_core.shell:Creating package script '/home/kshreyas/Projects/ese6150_f1tenth/lab1_ws/install/lab1_pkg/share/lab1_pkg/package.ps1'
[0.958s] INFO:colcon.colcon_core.shell:Creating package descriptor '/home/kshreyas/Projects/ese6150_f1tenth/lab1_ws/install/lab1_pkg/share/lab1_pkg/package.dsv'
[0.959s] INFO:colcon.colcon_core.shell:Creating package script '/home/kshreyas/Projects/ese6150_f1tenth/lab1_ws/install/lab1_pkg/share/lab1_pkg/package.sh'
[0.960s] INFO:colcon.colcon_core.shell:Creating package script '/home/kshreyas/Projects/ese6150_f1tenth/lab1_ws/install/lab1_pkg/share/lab1_pkg/package.bash'
[0.961s] INFO:colcon.colcon_core.shell:Creating package script '/home/kshreyas/Projects/ese6150_f1tenth/lab1_ws/install/lab1_pkg/share/lab1_pkg/package.zsh'
[0.962s] Level 1:colcon.colcon_core.environment:create_file_with_runtime_dependencies(/home/kshreyas/Projects/ese6150_f1tenth/lab1_ws/install/lab1_pkg/share/colcon-core/packages/lab1_pkg)
[0.973s] DEBUG:colcon.colcon_parallel_executor.executor.parallel:closing loop
[0.973s] DEBUG:colcon.colcon_parallel_executor.executor.parallel:loop closed
[0.973s] DEBUG:colcon.colcon_parallel_executor.executor.parallel:run_until_complete finished with '1'
[0.974s] DEBUG:colcon.colcon_core.event_reactor:joining thread
[0.984s] INFO:colcon.colcon_core.plugin_system:Skipping extension 'colcon_notification.desktop_notification.terminal_notifier': Not used on non-Darwin systems
[0.984s] INFO:colcon.colcon_core.plugin_system:Skipping extension 'colcon_notification.desktop_notification.win32': Not used on non-Windows systems
[0.984s] INFO:colcon.colcon_notification.desktop_notification:Sending desktop notification using 'notify2'
[1.012s] DEBUG:colcon.colcon_core.event_reactor:joined thread
[1.013s] INFO:colcon.colcon_core.shell:Creating prefix script '/home/kshreyas/Projects/ese6150_f1tenth/lab1_ws/install/local_setup.ps1'
[1.014s] INFO:colcon.colcon_core.shell:Creating prefix util module '/home/kshreyas/Projects/ese6150_f1tenth/lab1_ws/install/_local_setup_util_ps1.py'
[1.015s] INFO:colcon.colcon_core.shell:Creating prefix chain script '/home/kshreyas/Projects/ese6150_f1tenth/lab1_ws/install/setup.ps1'
[1.016s] INFO:colcon.colcon_core.shell:Creating prefix script '/home/kshreyas/Projects/ese6150_f1tenth/lab1_ws/install/local_setup.sh'
[1.016s] INFO:colcon.colcon_core.shell:Creating prefix util module '/home/kshreyas/Projects/ese6150_f1tenth/lab1_ws/install/_local_setup_util_sh.py'
[1.016s] INFO:colcon.colcon_core.shell:Creating prefix chain script '/home/kshreyas/Projects/ese6150_f1tenth/lab1_ws/install/setup.sh'
[1.017s] INFO:colcon.colcon_core.shell:Creating prefix script '/home/kshreyas/Projects/ese6150_f1tenth/lab1_ws/install/local_setup.bash'
[1.018s] INFO:colcon.colcon_core.shell:Creating prefix chain script '/home/kshreyas/Projects/ese6150_f1tenth/lab1_ws/install/setup.bash'
[1.019s] INFO:colcon.colcon_core.shell:Creating prefix script '/home/kshreyas/Projects/ese6150_f1tenth/lab1_ws/install/local_setup.zsh'
[1.020s] INFO:colcon.colcon_core.shell:Creating prefix chain script '/home/kshreyas/Projects/ese6150_f1tenth/lab1_ws/install/setup.zsh'
